<?xml version="1.0" encoding="UTF-8"?>
<testsuite name="Contáctenos" tests="2" skipped="2" failures="0" errors="0" timestamp="2022-01-06T15:26:30" hostname="LAPTOP-NVQ65STN" time="0.391">
  <properties/>
  <testcase name="informacion incompleta" classname="Contáctenos" time="0.366">
    <skipped/>
  </testcase>
  <testcase name="informacion completa" classname="Contáctenos" time="0.024">
    <skipped/>
  </testcase>
  <system-out><![CDATA[]]></system-out>
  <system-err><![CDATA[]]></system-err>
</testsuite>
